\BOOKMARK [0][-]{chapter.1}{Introduction}{}
\BOOKMARK [0][-]{chapter.2}{The Quest for Meaning in Video}{}
\BOOKMARK [1][-]{section.2.1}{Introduction}{chapter.2}
\BOOKMARK [1][-]{section.2.2}{Challenges in Computational Interpretation of Visual Content}{chapter.2}
\BOOKMARK [1][-]{section.2.3}{Computational Undertakings of the Quest for Meaning}{chapter.2}
\BOOKMARK [2][-]{subsection.2.3.1}{Feature Extraction}{section.2.3}
\BOOKMARK [2][-]{subsection.2.3.2}{Supervised Learning}{section.2.3}
\BOOKMARK [1][-]{section.2.4}{Outstanding Challenges}{chapter.2}
\BOOKMARK [0][-]{chapter.3}{Human Computation}{}
\BOOKMARK [1][-]{section.3.1}{Introduction}{chapter.3}
\BOOKMARK [1][-]{section.3.2}{Characterising Human Computation Systems}{chapter.3}
\BOOKMARK [2][-]{subsection.3.2.1}{Comparing Human Computation Systems}{section.3.2}
\BOOKMARK [2][-]{subsection.3.2.2}{Describing a Human Computation System}{section.3.2}
\BOOKMARK [1][-]{section.3.3}{Bypassing the Semantic Gap?}{chapter.3}
\BOOKMARK [0][-]{chapter.4}{Human Computed Stories in wePorter}{}
\BOOKMARK [1][-]{section.4.1}{Introduction}{chapter.4}
\BOOKMARK [1][-]{section.4.2}{User Generated Video Content}{chapter.4}
\BOOKMARK [1][-]{section.4.3}{The Purpose}{chapter.4}
\BOOKMARK [2][-]{subsection.4.3.1}{Different Aims}{section.4.3}
\BOOKMARK [2][-]{subsection.4.3.2}{Serving the Purpose of Encapsulated Wander}{section.4.3}
\BOOKMARK [2][-]{subsection.4.3.3}{Storytelling as Structured Recommendation}{section.4.3}
\BOOKMARK [1][-]{section.4.4}{The Motivation}{chapter.4}
\BOOKMARK [2][-]{subsection.4.4.1}{Information Provision through Online Video}{section.4.4}
\BOOKMARK [2][-]{subsection.4.4.2}{Informative Entertainment}{section.4.4}
\BOOKMARK [1][-]{section.4.5}{The Task}{chapter.4}
\BOOKMARK [2][-]{subsection.4.5.1}{Design Considerations}{section.4.5}
\BOOKMARK [2][-]{subsection.4.5.2}{The Interface}{section.4.5}
\BOOKMARK [1][-]{section.4.6}{Implementation}{chapter.4}
\BOOKMARK [2][-]{subsection.4.6.1}{Preparation of Content}{section.4.6}
\BOOKMARK [2][-]{subsection.4.6.2}{System Framework}{section.4.6}
\BOOKMARK [2][-]{subsection.4.6.3}{Hypervideo in a Web Browser}{section.4.6}
\BOOKMARK [0][-]{chapter.5}{Evaluation}{}
\BOOKMARK [1][-]{section.5.1}{Introduction}{chapter.5}
\BOOKMARK [1][-]{section.5.2}{Preliminary Experiments}{chapter.5}
\BOOKMARK [2][-]{subsection.5.2.1}{Positional Bias}{section.5.2}
\BOOKMARK [2][-]{subsection.5.2.2}{Context Dependency}{section.5.2}
\BOOKMARK [1][-]{section.5.3}{Main Experiments}{chapter.5}
\BOOKMARK [2][-]{subsection.5.3.1}{Setup}{section.5.3}
\BOOKMARK [2][-]{subsection.5.3.2}{Parallel Play Interaction Data}{section.5.3}
\BOOKMARK [2][-]{subsection.5.3.3}{Attention-based filtering}{section.5.3}
\BOOKMARK [2][-]{subsection.5.3.4}{Evaluating Focus}{section.5.3}
\BOOKMARK [1][-]{section.5.4}{Questionnaire}{chapter.5}
\BOOKMARK [1][-]{section.5.5}{Discussion}{chapter.5}
\BOOKMARK [2][-]{subsection.5.5.1}{Feedback from Comments}{section.5.5}
\BOOKMARK [0][-]{chapter.6}{Discussion and Future Directions}{}
\BOOKMARK [1][-]{subsection.6.0.2}{Potential Extensions}{chapter.6}
\BOOKMARK [0][-]{chapter.7}{Conclusions}{}
\BOOKMARK [0][-]{chapter.8}{Acknowledgements}{}
\BOOKMARK [0][-]{chapter.8}{Bibliography}{}
